<?xml version="1.0" encoding="UTF-8"?>
<!-- Generated by org.testng.reporters.JUnitReportReporter -->
<testsuite skipped="0" hostname="DESKTOP-5989GJV" name="com.udemy.SearchTest" tests="1" failures="0" timestamp="2020-06-01T11:57:00 EEST" time="6.605" errors="0">
  <testcase name="Search" time="6.605" classname="com.udemy.SearchTest"/>
</testsuite> <!-- com.udemy.SearchTest -->
