<?xml version="1.0" encoding="UTF-8"?>
<!-- Generated by org.testng.reporters.JUnitReportReporter -->
<testsuite skipped="0" hostname="DESKTOP-5989GJV" name="com.udemy.RegistrationTest" tests="1" failures="0" timestamp="2020-05-17T12:07:41 EEST" time="9.810" errors="0">
  <testcase name="registrationWithValidCredentials" time="9.810" classname="com.udemy.RegistrationTest"/>
</testsuite> <!-- com.udemy.RegistrationTest -->
