<?xml version="1.0" encoding="UTF-8"?>
<!-- Generated by org.testng.reporters.JUnitReportReporter -->
<testsuite skipped="0" hostname="DESKTOP-5989GJV" name="com.udemy.LoginTest" tests="1" failures="0" timestamp="2020-05-11T17:44:00 EEST" time="28.643" errors="0">
  <testcase name="loginWithValidCredentials" time="28.643" classname="com.udemy.LoginTest"/>
</testsuite> <!-- com.udemy.LoginTest -->
